<?xml version="1.0" encoding="UTF-8"?>
<testsuite xmlns:xsi="http://www.w3.org/2001/XMLSchema-instance" xsi:noNamespaceSchemaLocation="https://maven.apache.org/surefire/maven-surefire-plugin/xsd/surefire-test-report.xsd" name="com.nnk.springboot.BidTests" time="10.569" tests="1" errors="1" skipped="0" failures="0">
  <properties>
[...]
</properties>
  <testcase name="bidListTest" classname="com.nnk.springboot.BidTests" time="0.386">
    <error message="Could not commit JPA transaction; nested exception is javax.persistence.RollbackException: Error while committing the transaction" type="org.springframework.transaction.TransactionSystemException">org.springframework.transaction.TransactionSystemException: Could not commit JPA transaction; nested exception is javax.persistence.RollbackException: Error while committing the transaction
	at com.nnk.springboot.BidTests.bidListTest(BidTests.java:28)
Caused by: javax.persistence.RollbackException: Error while committing the transaction
	at com.nnk.springboot.BidTests.bidListTest(BidTests.java:28)
Caused by: javax.validation.ConstraintViolationException: 
Validation failed for classes [com.nnk.springboot.domain.BidList] during persist time for groups [javax.validation.groups.Default, ]
List of constraint violations:[
	ConstraintViolationImpl{interpolatedMessage='This Field cannot be empty', propertyPath=bidQuantity, rootBeanClass=class com.nnk.springboot.domain.BidList, messageTemplate='This Field cannot be empty'}
	ConstraintViolationImpl{interpolatedMessage='Account is mandatory', propertyPath=account, rootBeanClass=class com.nnk.springboot.domain.BidList, messageTemplate='Account is mandatory'}
	ConstraintViolationImpl{interpolatedMessage='Account is mandatory', propertyPath=type, rootBeanClass=class com.nnk.springboot.domain.BidList, messageTemplate='Account is mandatory'}
]
	at com.nnk.springboot.BidTests.bidListTest(BidTests.java:28)
</error>
    <system-out><![CDATA[18:18:46.481 [main] DEBUG org.springframework.test.context.BootstrapUtils - Instantiating CacheAwareContextLoaderDelegate from class [org.springframework.test.context.cache.DefaultCacheAwareContextLoaderDelegate]
18:18:46.508 [main] DEBUG org.springframework.test.context.BootstrapUtils - Instantiating BootstrapContext using constructor [public org.springframework.test.context.support.DefaultBootstrapContext(java.lang.Class,org.springframework.test.context.CacheAwareContextLoaderDelegate)]
18:18:46.615 [main] DEBUG org.springframework.test.context.BootstrapUtils - Instantiating TestContextBootstrapper for test class [com.nnk.springboot.BidTests] from class [org.springframework.boot.test.context.SpringBootTestContextBootstrapper]
18:18:46.636 [main] INFO org.springframework.boot.test.context.SpringBootTestContextBootstrapper - Neither @ContextConfiguration nor @ContextHierarchy found for test class [com.nnk.springboot.BidTests], using SpringBootContextLoader
18:18:46.636 [main] DEBUG org.springframework.test.context.support.AbstractContextLoader - Did not detect default resource location for test class [com.nnk.springboot.BidTests]: class path resource [com/nnk/springboot/BidTests-context.xml] does not exist
18:18:46.636 [main] DEBUG org.springframework.test.context.support.AbstractContextLoader - Did not detect default resource location for test class [com.nnk.springboot.BidTests]: class path resource [com/nnk/springboot/BidTestsContext.groovy] does not exist
18:18:46.636 [main] INFO org.springframework.test.context.support.AbstractContextLoader - Could not detect default resource locations for test class [com.nnk.springboot.BidTests]: no resource found for suffixes {-context.xml, Context.groovy}.
18:18:46.652 [main] INFO org.springframework.test.context.support.AnnotationConfigContextLoaderUtils - Could not detect default configuration classes for test class [com.nnk.springboot.BidTests]: BidTests does not declare any static, non-private, non-final, nested classes annotated with @Configuration.
18:18:46.736 [main] DEBUG org.springframework.test.context.support.ActiveProfilesUtils - Could not find an 'annotation declaring class' for annotation type [org.springframework.test.context.ActiveProfiles] and class [com.nnk.springboot.BidTests]
18:18:46.900 [main] DEBUG org.springframework.context.annotation.ClassPathScanningCandidateComponentProvider - Identified candidate component class: file [C:\Users\bintou_traore\Desktop\WorkspacesFormation\Projets\Projet7_Livrables\PoseidonInc\target\classes\com\nnk\springboot\Application.class]
18:18:46.900 [main] INFO org.springframework.boot.test.context.SpringBootTestContextBootstrapper - Found @SpringBootConfiguration com.nnk.springboot.Application for test class com.nnk.springboot.BidTests
18:18:47.195 [main] DEBUG org.springframework.boot.test.context.SpringBootTestContextBootstrapper - @TestExecutionListeners is not present for class [com.nnk.springboot.BidTests]: using defaults.
18:18:47.200 [main] INFO org.springframework.boot.test.context.SpringBootTestContextBootstrapper - Loaded default TestExecutionListener class names from location [META-INF/spring.factories]: [org.springframework.boot.test.mock.mockito.MockitoTestExecutionListener, org.springframework.boot.test.mock.mockito.ResetMocksTestExecutionListener, org.springframework.boot.test.autoconfigure.restdocs.RestDocsTestExecutionListener, org.springframework.boot.test.autoconfigure.web.client.MockRestServiceServerResetTestExecutionListener, org.springframework.boot.test.autoconfigure.web.servlet.MockMvcPrintOnlyOnFailureTestExecutionListener, org.springframework.boot.test.autoconfigure.web.servlet.WebDriverTestExecutionListener, org.springframework.boot.test.autoconfigure.webservices.client.MockWebServiceServerTestExecutionListener, org.springframework.test.context.web.ServletTestExecutionListener, org.springframework.test.context.support.DirtiesContextBeforeModesTestExecutionListener, org.springframework.test.context.event.ApplicationEventsTestExecutionListener, org.springframework.test.context.support.DependencyInjectionTestExecutionListener, org.springframework.test.context.support.DirtiesContextTestExecutionListener, org.springframework.test.context.transaction.TransactionalTestExecutionListener, org.springframework.test.context.jdbc.SqlScriptsTestExecutionListener, org.springframework.test.context.event.EventPublishingTestExecutionListener, org.springframework.security.test.context.support.WithSecurityContextTestExecutionListener, org.springframework.security.test.context.support.ReactorContextTestExecutionListener]
18:18:47.237 [main] INFO org.springframework.boot.test.context.SpringBootTestContextBootstrapper - Using TestExecutionListeners: [org.springframework.test.context.web.ServletTestExecutionListener@103478b8, org.springframework.test.context.support.DirtiesContextBeforeModesTestExecutionListener@270f7b4d, org.springframework.test.context.event.ApplicationEventsTestExecutionListener@56b704ea, org.springframework.boot.test.mock.mockito.MockitoTestExecutionListener@ab4d2ba, org.springframework.boot.test.autoconfigure.SpringBootDependencyInjectionTestExecutionListener@39f68aec, org.springframework.test.context.support.DirtiesContextTestExecutionListener@65ff4b8c, org.springframework.test.context.transaction.TransactionalTestExecutionListener@b81938d, org.springframework.test.context.jdbc.SqlScriptsTestExecutionListener@278cb145, org.springframework.test.context.event.EventPublishingTestExecutionListener@2aa0feb2, org.springframework.security.test.context.support.WithSecurityContextTestExecutionListener@351c6341, org.springframework.security.test.context.support.ReactorContextTestExecutionListener@32069394, org.springframework.boot.test.mock.mockito.ResetMocksTestExecutionListener@70421a08, org.springframework.boot.test.autoconfigure.restdocs.RestDocsTestExecutionListener@5dba3fdc, org.springframework.boot.test.autoconfigure.web.client.MockRestServiceServerResetTestExecutionListener@bea5941, org.springframework.boot.test.autoconfigure.web.servlet.MockMvcPrintOnlyOnFailureTestExecutionListener@df6f19b, org.springframework.boot.test.autoconfigure.web.servlet.WebDriverTestExecutionListener@6d842877, org.springframework.boot.test.autoconfigure.webservices.client.MockWebServiceServerTestExecutionListener@614cbec4]
18:18:47.237 [main] DEBUG org.springframework.test.context.support.AbstractDirtiesContextTestExecutionListener - Before test class: context [DefaultTestContext@106802ea testClass = BidTests, testInstance = [null], testMethod = [null], testException = [null], mergedContextConfiguration = [WebMergedContextConfiguration@785ef70f testClass = BidTests, locations = '{}', classes = '{class com.nnk.springboot.Application}', contextInitializerClasses = '[]', activeProfiles = '{}', propertySourceLocations = '{}', propertySourceProperties = '{org.springframework.boot.test.context.SpringBootTestContextBootstrapper=true}', contextCustomizers = set[org.springframework.boot.test.context.filter.ExcludeFilterContextCustomizer@7c90b7b7, org.springframework.boot.test.json.DuplicateJsonObjectContextCustomizerFactory$DuplicateJsonObjectContextCustomizer@7e7743ec, org.springframework.boot.test.mock.mockito.MockitoContextCustomizer@0, org.springframework.boot.test.web.client.TestRestTemplateContextCustomizer@8e25d3f, org.springframework.boot.test.autoconfigure.actuate.metrics.MetricsExportContextCustomizerFactory$DisableMetricExportContextCustomizer@ea7a4c3, org.springframework.boot.test.autoconfigure.properties.PropertyMappingContextCustomizer@0, org.springframework.boot.test.autoconfigure.web.servlet.WebDriverContextCustomizerFactory$Customizer@7455dacb, org.springframework.boot.test.context.SpringBootTestArgs@1, org.springframework.boot.test.context.SpringBootTestWebEnvironment@5a4bef8], resourceBasePath = 'src/main/webapp', contextLoader = 'org.springframework.boot.test.context.SpringBootContextLoader', parent = [null]], attributes = map['org.springframework.test.context.web.ServletTestExecutionListener.activateListener' -> true]], class annotated with @DirtiesContext [false] with mode [null].

  .   ____          _            __ _ _
 /\\ / ___'_ __ _ _(_)_ __  __ _ \ \ \ \
( ( )\___ | '_ | '_| | '_ \/ _` | \ \ \ \
 \\/  ___)| |_)| | | | | || (_| |  ) ) ) )
  '  |____| .__|_| |_|_| |_\__, | / / / /
 =========|_|==============|___/=/_/_/_/
 :: Spring Boot ::                (v2.6.7)

2022-06-08 18:18:47.954  INFO 7900 --- [           main] com.nnk.springboot.BidTests              : Starting BidTests using Java 11.0.10 on L-5CD9291113 with PID 7900 (started by bintou_traore in C:\Users\bintou_traore\Desktop\WorkspacesFormation\Projets\Projet7_Livrables\PoseidonInc)
2022-06-08 18:18:47.954 DEBUG 7900 --- [           main] com.nnk.springboot.BidTests              : Running with Spring Boot v2.6.7, Spring v5.3.19
2022-06-08 18:18:47.954  INFO 7900 --- [           main] com.nnk.springboot.BidTests              : No active profile set, falling back to 1 default profile: "default"
2022-06-08 18:18:48.038 DEBUG 7900 --- [           main] o.s.w.c.s.GenericWebApplicationContext   : Refreshing org.springframework.web.context.support.GenericWebApplicationContext@3d5e3f58
2022-06-08 18:18:49.378  INFO 7900 --- [           main] .s.d.r.c.RepositoryConfigurationDelegate : Bootstrapping Spring Data JPA repositories in DEFAULT mode.
2022-06-08 18:18:49.555  INFO 7900 --- [           main] .s.d.r.c.RepositoryConfigurationDelegate : Finished Spring Data repository scanning in 158 ms. Found 6 JPA repository interfaces.
2022-06-08 18:18:51.596  INFO 7900 --- [           main] com.zaxxer.hikari.HikariDataSource       : HikariPool-1 - Starting...
2022-06-08 18:18:52.224  INFO 7900 --- [           main] com.zaxxer.hikari.HikariDataSource       : HikariPool-1 - Start completed.
2022-06-08 18:18:53.698  INFO 7900 --- [           main] j.LocalContainerEntityManagerFactoryBean : Initialized JPA EntityManagerFactory for persistence unit 'default'
2022-06-08 18:18:54.465  WARN 7900 --- [           main] JpaBaseConfiguration$JpaWebConfiguration : spring.jpa.open-in-view is enabled by default. Therefore, database queries may be performed during view rendering. Explicitly configure spring.jpa.open-in-view to disable this warning
2022-06-08 18:18:54.866  WARN 7900 --- [           main] o.s.s.c.a.web.builders.WebSecurity       : You are asking Spring Security to ignore Ant [pattern='/css/**']. This is not recommended -- please use permitAll via HttpSecurity#authorizeHttpRequests instead.
2022-06-08 18:18:54.866  INFO 7900 --- [           main] o.s.s.web.DefaultSecurityFilterChain     : Will not secure Ant [pattern='/css/**']
2022-06-08 18:18:55.099  INFO 7900 --- [           main] o.s.s.web.DefaultSecurityFilterChain     : Will secure any request with [org.springframework.security.web.context.request.async.WebAsyncManagerIntegrationFilter@98240f9, org.springframework.security.web.context.SecurityContextPersistenceFilter@78bd313d, org.springframework.security.web.header.HeaderWriterFilter@32e0936, org.springframework.security.web.authentication.logout.LogoutFilter@3726ac51, org.springframework.security.oauth2.client.web.OAuth2AuthorizationRequestRedirectFilter@6dc9919c, org.springframework.security.oauth2.client.web.OAuth2LoginAuthenticationFilter@6f09c1a, org.springframework.security.web.authentication.UsernamePasswordAuthenticationFilter@62872195, org.springframework.security.web.savedrequest.RequestCacheAwareFilter@4fc65c50, org.springframework.security.web.servletapi.SecurityContextHolderAwareRequestFilter@48dad49a, org.springframework.security.web.authentication.AnonymousAuthenticationFilter@39e29b5e, org.springframework.security.web.session.SessionManagementFilter@1d60dcb5, org.springframework.security.web.access.ExceptionTranslationFilter@2ee739cd, org.springframework.security.web.access.intercept.FilterSecurityInterceptor@fc7bb6c]
2022-06-08 18:18:55.684 DEBUG 7900 --- [           main] s.w.s.m.m.a.RequestMappingHandlerAdapter : ControllerAdvice beans: 0 @ModelAttribute, 0 @InitBinder, 1 RequestBodyAdvice, 1 ResponseBodyAdvice
2022-06-08 18:18:55.860 DEBUG 7900 --- [           main] s.w.s.m.m.a.RequestMappingHandlerMapping : 43 mappings in 'requestMappingHandlerMapping'
2022-06-08 18:18:55.973 DEBUG 7900 --- [           main] o.s.w.s.handler.SimpleUrlHandlerMapping  : Patterns [/webjars/**, /**] in 'resourceHandlerMapping'
2022-06-08 18:18:56.002 DEBUG 7900 --- [           main] .m.m.a.ExceptionHandlerExceptionResolver : ControllerAdvice beans: 0 @ExceptionHandler, 1 ResponseBodyAdvice
2022-06-08 18:18:56.475  INFO 7900 --- [           main] com.nnk.springboot.BidTests              : Started BidTests in 9.125 seconds (JVM running for 11.487)
Hibernate: select next_val as id_val from hibernate_sequence for update
Hibernate: update hibernate_sequence set next_val= ? where next_val=?
]]></system-out>
  </testcase>
</testsuite>