<?xml version="1.0" encoding="UTF-8"?>
<testsuite xmlns:xsi="http://www.w3.org/2001/XMLSchema-instance" xsi:noNamespaceSchemaLocation="https://maven.apache.org/surefire/maven-surefire-plugin/xsd/surefire-test-report.xsd" name="com.nnk.springboot.service.PasswordValidatorServiceTest" time="0.031" tests="2" errors="2" skipped="0" failures="0">
  <properties>
[...]
</properties>
  <testcase name="passwordRegexInvalid{String}" classname="com.nnk.springboot.service.PasswordValidatorServiceTest" time="0">
    <error message="No ParameterResolver registered for parameter [java.lang.String password] in method [public void com.nnk.springboot.service.PasswordValidatorServiceTest.passwordRegexInvalid(java.lang.String)]." type="org.junit.jupiter.api.extension.ParameterResolutionException">org.junit.jupiter.api.extension.ParameterResolutionException: No ParameterResolver registered for parameter [java.lang.String password] in method [public void com.nnk.springboot.service.PasswordValidatorServiceTest.passwordRegexInvalid(java.lang.String)].
</error>
    <system-out><![CDATA[2022-06-16 17:44:45.646  INFO 11288 --- [           main] .b.t.c.SpringBootTestContextBootstrapper : Neither @ContextConfiguration nor @ContextHierarchy found for test class [com.nnk.springboot.service.PasswordValidatorServiceTest], using SpringBootContextLoader
2022-06-16 17:44:45.647  INFO 11288 --- [           main] o.s.t.c.support.AbstractContextLoader    : Could not detect default resource locations for test class [com.nnk.springboot.service.PasswordValidatorServiceTest]: no resource found for suffixes {-context.xml, Context.groovy}.
2022-06-16 17:44:45.647  INFO 11288 --- [           main] t.c.s.AnnotationConfigContextLoaderUtils : Could not detect default configuration classes for test class [com.nnk.springboot.service.PasswordValidatorServiceTest]: PasswordValidatorServiceTest does not declare any static, non-private, non-final, nested classes annotated with @Configuration.
2022-06-16 17:44:45.647  INFO 11288 --- [           main] .b.t.c.SpringBootTestContextBootstrapper : Found @SpringBootConfiguration com.nnk.springboot.Application for test class com.nnk.springboot.service.PasswordValidatorServiceTest
2022-06-16 17:44:45.647  INFO 11288 --- [           main] .b.t.c.SpringBootTestContextBootstrapper : Loaded default TestExecutionListener class names from location [META-INF/spring.factories]: [org.springframework.boot.test.mock.mockito.MockitoTestExecutionListener, org.springframework.boot.test.mock.mockito.ResetMocksTestExecutionListener, org.springframework.boot.test.autoconfigure.restdocs.RestDocsTestExecutionListener, org.springframework.boot.test.autoconfigure.web.client.MockRestServiceServerResetTestExecutionListener, org.springframework.boot.test.autoconfigure.web.servlet.MockMvcPrintOnlyOnFailureTestExecutionListener, org.springframework.boot.test.autoconfigure.web.servlet.WebDriverTestExecutionListener, org.springframework.boot.test.autoconfigure.webservices.client.MockWebServiceServerTestExecutionListener, org.springframework.test.context.web.ServletTestExecutionListener, org.springframework.test.context.support.DirtiesContextBeforeModesTestExecutionListener, org.springframework.test.context.event.ApplicationEventsTestExecutionListener, org.springframework.test.context.support.DependencyInjectionTestExecutionListener, org.springframework.test.context.support.DirtiesContextTestExecutionListener, org.springframework.test.context.transaction.TransactionalTestExecutionListener, org.springframework.test.context.jdbc.SqlScriptsTestExecutionListener, org.springframework.test.context.event.EventPublishingTestExecutionListener, org.springframework.security.test.context.support.WithSecurityContextTestExecutionListener, org.springframework.security.test.context.support.ReactorContextTestExecutionListener]
2022-06-16 17:44:45.647  INFO 11288 --- [           main] .b.t.c.SpringBootTestContextBootstrapper : Using TestExecutionListeners: [org.springframework.test.context.web.ServletTestExecutionListener@5ee00693, org.springframework.test.context.support.DirtiesContextBeforeModesTestExecutionListener@1f6671c, org.springframework.test.context.event.ApplicationEventsTestExecutionListener@24ab9b2c, org.springframework.boot.test.mock.mockito.MockitoTestExecutionListener@39971be9, org.springframework.boot.test.autoconfigure.SpringBootDependencyInjectionTestExecutionListener@679d56d6, org.springframework.test.context.support.DirtiesContextTestExecutionListener@55e103be, org.springframework.test.context.transaction.TransactionalTestExecutionListener@2deb80d5, org.springframework.test.context.jdbc.SqlScriptsTestExecutionListener@2c229ed2, org.springframework.test.context.event.EventPublishingTestExecutionListener@21044666, org.springframework.security.test.context.support.WithSecurityContextTestExecutionListener@7ca55d0b, org.springframework.security.test.context.support.ReactorContextTestExecutionListener@d398762, org.springframework.boot.test.mock.mockito.ResetMocksTestExecutionListener@35554c19, org.springframework.boot.test.autoconfigure.restdocs.RestDocsTestExecutionListener@36e10ba3, org.springframework.boot.test.autoconfigure.web.client.MockRestServiceServerResetTestExecutionListener@607a5571, org.springframework.boot.test.autoconfigure.web.servlet.MockMvcPrintOnlyOnFailureTestExecutionListener@2139cc8b, org.springframework.boot.test.autoconfigure.web.servlet.WebDriverTestExecutionListener@3e937931, org.springframework.boot.test.autoconfigure.webservices.client.MockWebServiceServerTestExecutionListener@91c153]
]]></system-out>
  </testcase>
  <testcase name="passwordRegex{String}" classname="com.nnk.springboot.service.PasswordValidatorServiceTest" time="0.015">
    <error message="No ParameterResolver registered for parameter [java.lang.String password] in method [public void com.nnk.springboot.service.PasswordValidatorServiceTest.passwordRegex(java.lang.String)]." type="org.junit.jupiter.api.extension.ParameterResolutionException">org.junit.jupiter.api.extension.ParameterResolutionException: No ParameterResolver registered for parameter [java.lang.String password] in method [public void com.nnk.springboot.service.PasswordValidatorServiceTest.passwordRegex(java.lang.String)].
</error>
  </testcase>
</testsuite>